DEBUG   |180522 12:12:26|Fetching filter data from database
DEBUG   |180522 12:12:26|Loading filters
DEBUG   |180522 12:12:26|-- Loading filter Tables
DEBUG   |180522 12:12:26|-- Loading filter Skipfiles
DEBUG   |180522 12:12:26|-- Loading filter Regexskipfiles
DEBUG   |180522 12:12:26|-- Loading filter Regextables
DEBUG   |180522 12:12:26|-- Loading filter Regextabledata
DEBUG   |180522 12:12:26|-- Loading filter Skipdirs
DEBUG   |180522 12:12:26|-- Loading filter Multidb
DEBUG   |180522 12:12:26|-- Loading filter Regexdirectories
DEBUG   |180522 12:12:26|-- Loading filter Extradirs
DEBUG   |180522 12:12:26|-- Loading filter Directories
DEBUG   |180522 12:12:26|-- Loading filter Tabledata
DEBUG   |180522 12:12:26|-- Loading filter Regexskipdirs
DEBUG   |180522 12:12:26|-- Loading filter Regexfiles
DEBUG   |180522 12:12:26|-- Loading filter Files
DEBUG   |180522 12:12:26|-- Loading filter Incremental
DEBUG   |180522 12:12:26|-- Loading filter Siteroot
DEBUG   |180522 12:12:26|-- Loading filter Excludefolders
DEBUG   |180522 12:12:26|-- Loading filter Excludetabledata
DEBUG   |180522 12:12:26|-- Loading filter Joomlaskipfiles
DEBUG   |180522 12:12:26|-- Loading filter Excludefiles
DEBUG   |180522 12:12:26|-- Loading filter Libraries
DEBUG   |180522 12:12:26|-- Loading filter Sitedb
DEBUG   |180522 12:12:26|-- Loading filter Systemcachefiles
DEBUG   |180522 12:12:26|-- Loading filter Joomlaskipdirs
DEBUG   |180522 12:12:26|-- Loading filter Cvsfolders
DEBUG   |180522 12:12:26|Loading optional filters
DEBUG   |180522 12:12:26|-- Loading optional filter Stack\StackErrorlogs
DEBUG   |180522 12:12:26|-- Loading optional filter Stack\StackHoststats
DEBUG   |180522 12:12:26|-- Loading optional filter Stack\StackFinder
DEBUG   |180522 12:12:26|-- Loading optional filter Stack\StackMyjoomla
DEBUG   |180522 12:13:43|Fetching filter data from database
DEBUG   |180522 12:13:43|Loading filters
DEBUG   |180522 12:13:43|-- Loading filter Tables
DEBUG   |180522 12:13:43|-- Loading filter Skipfiles
DEBUG   |180522 12:13:43|-- Loading filter Regexskipfiles
DEBUG   |180522 12:13:43|-- Loading filter Regextables
DEBUG   |180522 12:13:43|-- Loading filter Regextabledata
DEBUG   |180522 12:13:43|-- Loading filter Skipdirs
DEBUG   |180522 12:13:43|-- Loading filter Multidb
DEBUG   |180522 12:13:43|-- Loading filter Regexdirectories
DEBUG   |180522 12:13:43|-- Loading filter Extradirs
DEBUG   |180522 12:13:43|-- Loading filter Directories
DEBUG   |180522 12:13:43|-- Loading filter Tabledata
DEBUG   |180522 12:13:43|-- Loading filter Regexskipdirs
DEBUG   |180522 12:13:43|-- Loading filter Regexfiles
DEBUG   |180522 12:13:43|-- Loading filter Files
DEBUG   |180522 12:13:43|-- Loading filter Incremental
DEBUG   |180522 12:13:43|-- Loading filter Siteroot
DEBUG   |180522 12:13:43|-- Loading filter Excludefolders
DEBUG   |180522 12:13:43|-- Loading filter Excludetabledata
DEBUG   |180522 12:13:43|-- Loading filter Joomlaskipfiles
DEBUG   |180522 12:13:43|-- Loading filter Excludefiles
DEBUG   |180522 12:13:43|-- Loading filter Libraries
DEBUG   |180522 12:13:43|-- Loading filter Sitedb
DEBUG   |180522 12:13:43|-- Loading filter Systemcachefiles
DEBUG   |180522 12:13:43|-- Loading filter Joomlaskipdirs
DEBUG   |180522 12:13:43|-- Loading filter Cvsfolders
DEBUG   |180522 12:13:43|Loading optional filters
DEBUG   |180522 12:13:43|-- Loading optional filter Stack\StackErrorlogs
DEBUG   |180522 12:13:43|-- Loading optional filter Stack\StackHoststats
DEBUG   |180522 12:13:43|-- Loading optional filter Stack\StackFinder
DEBUG   |180522 12:13:43|-- Loading optional filter Stack\StackMyjoomla
DEBUG   |180522 12:18:37|Fetching filter data from database
DEBUG   |180522 12:18:37|Loading filters
DEBUG   |180522 12:18:37|-- Loading filter Tables
DEBUG   |180522 12:18:37|-- Loading filter Skipfiles
DEBUG   |180522 12:18:37|-- Loading filter Regexskipfiles
DEBUG   |180522 12:18:37|-- Loading filter Regextables
DEBUG   |180522 12:18:37|-- Loading filter Regextabledata
DEBUG   |180522 12:18:37|-- Loading filter Skipdirs
DEBUG   |180522 12:18:37|-- Loading filter Multidb
DEBUG   |180522 12:18:37|-- Loading filter Regexdirectories
DEBUG   |180522 12:18:37|-- Loading filter Extradirs
DEBUG   |180522 12:18:37|-- Loading filter Directories
DEBUG   |180522 12:18:37|-- Loading filter Tabledata
DEBUG   |180522 12:18:37|-- Loading filter Regexskipdirs
DEBUG   |180522 12:18:37|-- Loading filter Regexfiles
DEBUG   |180522 12:18:37|-- Loading filter Files
DEBUG   |180522 12:18:37|-- Loading filter Incremental
DEBUG   |180522 12:18:37|-- Loading filter Siteroot
DEBUG   |180522 12:18:37|-- Loading filter Excludefolders
DEBUG   |180522 12:18:37|-- Loading filter Excludetabledata
DEBUG   |180522 12:18:37|-- Loading filter Joomlaskipfiles
DEBUG   |180522 12:18:37|-- Loading filter Excludefiles
DEBUG   |180522 12:18:37|-- Loading filter Libraries
DEBUG   |180522 12:18:37|-- Loading filter Sitedb
DEBUG   |180522 12:18:37|-- Loading filter Systemcachefiles
DEBUG   |180522 12:18:37|-- Loading filter Joomlaskipdirs
DEBUG   |180522 12:18:37|-- Loading filter Cvsfolders
DEBUG   |180522 12:18:37|Loading optional filters
DEBUG   |180522 12:18:37|-- Loading optional filter Stack\StackErrorlogs
DEBUG   |180522 12:18:37|-- Loading optional filter Stack\StackHoststats
DEBUG   |180522 12:18:37|-- Loading optional filter Stack\StackFinder
DEBUG   |180522 12:18:37|-- Loading optional filter Stack\StackMyjoomla
DEBUG   |180522 12:22:47|Fetching filter data from database
DEBUG   |180522 12:22:47|Loading filters
DEBUG   |180522 12:22:47|-- Loading filter Tables
DEBUG   |180522 12:22:47|-- Loading filter Skipfiles
DEBUG   |180522 12:22:47|-- Loading filter Regexskipfiles
DEBUG   |180522 12:22:47|-- Loading filter Regextables
DEBUG   |180522 12:22:47|-- Loading filter Regextabledata
DEBUG   |180522 12:22:47|-- Loading filter Skipdirs
DEBUG   |180522 12:22:47|-- Loading filter Multidb
DEBUG   |180522 12:22:47|-- Loading filter Regexdirectories
DEBUG   |180522 12:22:47|-- Loading filter Extradirs
DEBUG   |180522 12:22:47|-- Loading filter Directories
DEBUG   |180522 12:22:47|-- Loading filter Tabledata
DEBUG   |180522 12:22:47|-- Loading filter Regexskipdirs
DEBUG   |180522 12:22:47|-- Loading filter Regexfiles
DEBUG   |180522 12:22:47|-- Loading filter Files
DEBUG   |180522 12:22:47|-- Loading filter Incremental
DEBUG   |180522 12:22:47|-- Loading filter Siteroot
DEBUG   |180522 12:22:47|-- Loading filter Excludefolders
DEBUG   |180522 12:22:47|-- Loading filter Excludetabledata
DEBUG   |180522 12:22:47|-- Loading filter Joomlaskipfiles
DEBUG   |180522 12:22:47|-- Loading filter Excludefiles
DEBUG   |180522 12:22:47|-- Loading filter Libraries
DEBUG   |180522 12:22:47|-- Loading filter Sitedb
DEBUG   |180522 12:22:47|-- Loading filter Systemcachefiles
DEBUG   |180522 12:22:47|-- Loading filter Joomlaskipdirs
DEBUG   |180522 12:22:47|-- Loading filter Cvsfolders
DEBUG   |180522 12:22:47|Loading optional filters
DEBUG   |180522 12:22:47|-- Loading optional filter Stack\StackErrorlogs
DEBUG   |180522 12:22:47|-- Loading optional filter Stack\StackHoststats
DEBUG   |180522 12:22:47|-- Loading optional filter Stack\StackFinder
DEBUG   |180522 12:22:47|-- Loading optional filter Stack\StackMyjoomla
DEBUG   |180522 12:23:00|Fetching filter data from database
DEBUG   |180522 12:23:00|Loading filters
DEBUG   |180522 12:23:00|-- Loading filter Tables
DEBUG   |180522 12:23:00|-- Loading filter Skipfiles
DEBUG   |180522 12:23:00|-- Loading filter Regexskipfiles
DEBUG   |180522 12:23:00|-- Loading filter Regextables
DEBUG   |180522 12:23:00|-- Loading filter Regextabledata
DEBUG   |180522 12:23:00|-- Loading filter Skipdirs
DEBUG   |180522 12:23:00|-- Loading filter Multidb
DEBUG   |180522 12:23:00|-- Loading filter Regexdirectories
DEBUG   |180522 12:23:00|-- Loading filter Extradirs
DEBUG   |180522 12:23:00|-- Loading filter Directories
DEBUG   |180522 12:23:00|-- Loading filter Tabledata
DEBUG   |180522 12:23:00|-- Loading filter Regexskipdirs
DEBUG   |180522 12:23:00|-- Loading filter Regexfiles
DEBUG   |180522 12:23:00|-- Loading filter Files
DEBUG   |180522 12:23:00|-- Loading filter Incremental
DEBUG   |180522 12:23:00|-- Loading filter Siteroot
DEBUG   |180522 12:23:00|-- Loading filter Excludefolders
DEBUG   |180522 12:23:00|-- Loading filter Excludetabledata
DEBUG   |180522 12:23:00|-- Loading filter Joomlaskipfiles
DEBUG   |180522 12:23:00|-- Loading filter Excludefiles
DEBUG   |180522 12:23:00|-- Loading filter Libraries
DEBUG   |180522 12:23:00|-- Loading filter Sitedb
DEBUG   |180522 12:23:00|-- Loading filter Systemcachefiles
DEBUG   |180522 12:23:00|-- Loading filter Joomlaskipdirs
DEBUG   |180522 12:23:00|-- Loading filter Cvsfolders
DEBUG   |180522 12:23:00|Loading optional filters
DEBUG   |180522 12:23:00|-- Loading optional filter Stack\StackErrorlogs
DEBUG   |180522 12:23:00|-- Loading optional filter Stack\StackHoststats
DEBUG   |180522 12:23:00|-- Loading optional filter Stack\StackFinder
DEBUG   |180522 12:23:00|-- Loading optional filter Stack\StackMyjoomla
